<?xml version="1.0" encoding="UTF-8"?>
<testng-results skipped="0" failed="0" total="2" passed="2">
  <reporter-output>
  </reporter-output>
  <suite name="Default suite" duration-ms="87172" started-at="2020-01-30T13:03:21Z" finished-at="2020-01-30T13:04:48Z">
    <groups>
    </groups>
    <test name="Default test" duration-ms="87172" started-at="2020-01-30T13:03:21Z" finished-at="2020-01-30T13:04:48Z">
      <class name="com.crm.qa.testdata.LoginPageTest">
        <test-method status="PASS" signature="setup()[pri:0, instance:com.crm.qa.testdata.LoginPageTest@7dc7cbad]" name="setup" is-config="true" duration-ms="55296" started-at="2020-01-30T18:33:21Z" finished-at="2020-01-30T18:34:16Z">
          <reporter-output>
          </reporter-output>
        </test-method> <!-- setup -->
        <test-method status="PASS" signature="loginPageTitleTest()[pri:1, instance:com.crm.qa.testdata.LoginPageTest@7dc7cbad]" name="loginPageTitleTest" duration-ms="90" started-at="2020-01-30T18:34:16Z" finished-at="2020-01-30T18:34:16Z">
          <reporter-output>
          </reporter-output>
        </test-method> <!-- loginPageTitleTest -->
        <test-method status="PASS" signature="teardown()[pri:0, instance:com.crm.qa.testdata.LoginPageTest@7dc7cbad]" name="teardown" is-config="true" duration-ms="1487" started-at="2020-01-30T18:34:16Z" finished-at="2020-01-30T18:34:18Z">
          <reporter-output>
          </reporter-output>
        </test-method> <!-- teardown -->
        <test-method status="PASS" signature="setup()[pri:0, instance:com.crm.qa.testdata.LoginPageTest@7dc7cbad]" name="setup" is-config="true" duration-ms="22570" started-at="2020-01-30T18:34:18Z" finished-at="2020-01-30T18:34:40Z">
          <reporter-output>
          </reporter-output>
        </test-method> <!-- setup -->
        <test-method status="PASS" signature="LoginTest()[pri:2, instance:com.crm.qa.testdata.LoginPageTest@7dc7cbad]" name="LoginTest" duration-ms="6630" started-at="2020-01-30T18:34:40Z" finished-at="2020-01-30T18:34:47Z">
          <reporter-output>
          </reporter-output>
        </test-method> <!-- LoginTest -->
        <test-method status="PASS" signature="teardown()[pri:0, instance:com.crm.qa.testdata.LoginPageTest@7dc7cbad]" name="teardown" is-config="true" duration-ms="1068" started-at="2020-01-30T18:34:47Z" finished-at="2020-01-30T18:34:48Z">
          <reporter-output>
          </reporter-output>
        </test-method> <!-- teardown -->
      </class> <!-- com.crm.qa.testdata.LoginPageTest -->
    </test> <!-- Default test -->
  </suite> <!-- Default suite -->
</testng-results>
